/user/7/dialloh/gpu_comp_hmm_regime/src/cpu/algo_hmm_cpu.cpp: In function ‘void hmm::cpu::algo::compute_gamma(const float*, const float*, float*, int, int)’:
/user/7/dialloh/gpu_comp_hmm_regime/src/cpu/algo_hmm_cpu.cpp:145:15: warning: ISO C++ forbids variable length array ‘log_gamma’ [-Wvla]
  145 |         float log_gamma[N];
      |               ^~~~~~~~~
/user/7/dialloh/gpu_comp_hmm_regime/src/cpu/algo_hmm_cpu.cpp: In function ‘void hmm::cpu::algo::compute_xi(const float*, const float*, const float*, float*, int, int)’:
/user/7/dialloh/gpu_comp_hmm_regime/src/cpu/algo_hmm_cpu.cpp:165:15: warning: ISO C++ forbids variable length array ‘log_xi’ [-Wvla]
  165 |         float log_xi[N * N];
      |               ^~~~~~
/user/7/dialloh/gpu_comp_hmm_regime/src/cpu/algo_hmm_cpu.cpp: In function ‘void hmm::cpu::algo::initialize_random(HMMModel&, unsigned int)’:
/user/7/dialloh/gpu_comp_hmm_regime/src/cpu/algo_hmm_cpu.cpp:394:54: warning: unused parameter ‘seed’ [-Wunused-parameter]
  394 | void initialize_random(HMMModel& model, unsigned int seed) {
      |                                         ~~~~~~~~~~~~~^~~~
/user/7/dialloh/gpu_comp_hmm_regime/src/cuda/kernels/forward_backward_kernels.cu:1:10: fatal error: forward_backward_kernels.cuh: No such file or directory
    1 | #include "forward_backward_kernels.cuh"
      |          ^~~~~~~~~~~~~~~~~~~~~~~~~~~~~~
compilation terminated.
make[2]: *** [src/cuda/kernels/CMakeFiles/hmm_kernels.dir/build.make:137: src/cuda/kernels/CMakeFiles/hmm_kernels.dir/forward_backward_kernels.cu.o] Error 1
make[2]: *** Waiting for unfinished jobs....
/user/7/dialloh/gpu_comp_hmm_regime/src/cuda/kernels/viterbi_kernels.cu:2:10: fatal error: forward_backward_kernels.cuh: No such file or directory
    2 | #include "forward_backward_kernels.cuh"
      |          ^~~~~~~~~~~~~~~~~~~~~~~~~~~~~~
compilation terminated.
make[2]: *** [src/cuda/kernels/CMakeFiles/hmm_kernels.dir/build.make:152: src/cuda/kernels/CMakeFiles/hmm_kernels.dir/viterbi_kernels.cu.o] Error 1
make[1]: *** [CMakeFiles/Makefile2:256: src/cuda/kernels/CMakeFiles/hmm_kernels.dir/all] Error 2
make: *** [Makefile:146: all] Error 2
